Aug 09 23:37:09 host=smtp.gmail.com tls=on auth=on user=rishabhdwivedi17@gmail.com from=rishabhdwivedi17@gmail.com recipients=prabhiluvu4@gmail.com mailsize=588 smtpstatus=250 smtpmsg='250 2.0.0 OK  1565374039 z4sm151966664pfg.166 - gsmtp' exitcode=EX_OK
Aug 15 19:35:52 host=smtp.gmail.com tls=on auth=on user=rishabhdwivedi17@gmail.com from=rishabhdwivedi17@gmail.com recipients=aniliniiitdwd@gmail.com mailsize=1815 smtpstatus=250 smtpmsg='250 2.0.0 OK  1565877965 d189sm3383962pfd.165 - gsmtp' exitcode=EX_OK
Aug 21 23:16:07 host=smtp.gmail.com tls=on auth=on user=rishabhdwivedi17@gmail.com from=rishabhdwivedi17@gmail.com recipients=ankitraj7752@gmail.com mailsize=704 smtpstatus=250 smtpmsg='250 2.0.0 OK  1566409585 a10sm34267275pfl.159 - gsmtp' exitcode=EX_OK
Aug 24 16:07:41 host=smtp.gmail.com tls=on auth=on user=rishabhdwivedi17@gmail.com from=rishabhdwivedi17@gmail.com recipients=prabhcoder@gmail.com mailsize=331 smtpstatus=250 smtpmsg='250 2.0.0 OK  1566643081 ev3sm20763099pjb.3 - gsmtp' exitcode=EX_OK
Aug 27 22:43:40 host=smtp.gmail.com tls=on auth=on user=rishabhdwivedi17@gmail.com from=rishabhdwivedi17@gmail.com recipients=aniliniiitdwd@gmail.com mailsize=1099 smtpstatus=250 smtpmsg='250 2.0.0 OK  1566926044 g1sm26379591pgg.27 - gsmtp' exitcode=EX_OK
Aug 27 23:21:37 host=smtp.gmail.com tls=on auth=on user=rishabhdwivedi17@gmail.com from=rishabhdwivedi17@gmail.com recipients=aniliniiitdwd@gmail.com mailsize=2116 smtpstatus=250 smtpmsg='250 2.0.0 OK  1566928320 b18sm9296167pfi.160 - gsmtp' exitcode=EX_OK
Aug 28 17:20:04 host=smtp.gmail.com tls=on auth=on user=rishabhdwivedi17@gmail.com from=rishabhdwivedi17@gmail.com recipients=aniliniiitdwd@gmail.com mailsize=2404 smtpstatus=250 smtpmsg='250 2.0.0 OK  1566993027 d128sm3816773pfa.42 - gsmtp' exitcode=EX_OK
Aug 29 13:47:31 host=smtp.gmail.com tls=on auth=on user=rishabhdwivedi17@gmail.com from=rishabhdwivedi17@gmail.com recipients=prabhcoder@gmail.com mailsize=2924 smtpstatus=250 smtpmsg='250 2.0.0 OK  1567066675 g18sm1347319pgm.9 - gsmtp' exitcode=EX_OK
Aug 31 21:18:56 host=smtp.gmail.com tls=on auth=on user=rishabhdwivedi17@gmail.com from=rishabhdwivedi17@gmail.com recipients=shantanutripathi002@gmail.com mailsize=7331 smtpstatus=250 smtpmsg='250 2.0.0 OK  1567266563 o35sm7662902pgm.29 - gsmtp' exitcode=EX_OK
Sep 01 21:48:32 host=smtp.gmail.com tls=on auth=on user=rishabhdwivedi17@gmail.com from=rishabhdwivedi17@gmail.com recipients=shantanutripathi002@gmail.com mailsize=25782 smtpstatus=250 smtpmsg='250 2.0.0 OK  1567354739 y6sm9753934pjp.15 - gsmtp' exitcode=EX_OK
Sep 01 23:37:26 host=smtp.gmail.com tls=on auth=on user=rishabhdwivedi17@gmail.com from=rishabhdwivedi17@gmail.com recipients=shantanutripathi002@gmail.com mailsize=1207 smtpstatus=250 smtpmsg='250 2.0.0 OK  1567361273 w10sm10313763pjv.23 - gsmtp' exitcode=EX_OK
Sep 03 19:02:37 host=smtp.gmail.com tls=on auth=on user=rishabhdwivedi17@gmail.com from=rishabhdwivedi17@gmail.com recipients=prabhcoder@gmail.com mailsize=4497 smtpstatus=250 smtpmsg='250 2.0.0 OK  1567517585 u16sm16579103pgm.83 - gsmtp' exitcode=EX_OK
Sep 05 19:44:49 host=smtp.gmail.com tls=on auth=on user=rishabhdwivedi17@gmail.com from=rishabhdwivedi17@gmail.com recipients=yygpt@gmail.com mailsize=1213 smtpstatus=250 smtpmsg='250 2.0.0 OK  1567692917 f12sm2115482pgq.52 - gsmtp' exitcode=EX_OK
Sep 05 19:49:06 host=smtp.gmail.com tls=on auth=on user=rishabhdwivedi17@gmail.com from=rishabhdwivedi17@gmail.com recipients=yytgpt@gmail.com mailsize=1246 smtpstatus=250 smtpmsg='250 2.0.0 OK  1567693175 k15sm2978442pfk.168 - gsmtp' exitcode=EX_OK
Sep 05 19:50:54 host=smtp.gmail.com tls=on auth=on user=rishabhdwivedi17@gmail.com from=rishabhdwivedi17@gmail.com recipients=yytgpt@gmail.com errormsg='cannot locate host smtp.gmail.com: No address associated with hostname' exitcode=EX_NOHOST
Sep 05 19:51:30 host=smtp.gmail.com tls=on auth=on user=rishabhdwivedi17@gmail.com from=rishabhdwivedi17@gmail.com recipients=yytgpt@gmail.com mailsize=1103 smtpstatus=250 smtpmsg='250 2.0.0 OK  1567693319 y13sm2520480pfn.73 - gsmtp' exitcode=EX_OK
Sep 08 11:30:53 host=smtp.gmail.com tls=on auth=on user=rishabhdwivedi17@gmail.com from=rishabhdwivedi17@gmail.com recipients=2401ankitrajpoot@gmail.com errormsg='cannot locate host smtp.gmail.com: No address associated with hostname' exitcode=EX_NOHOST
Sep 08 11:31:06 host=smtp.gmail.com tls=on auth=on user=rishabhdwivedi17@gmail.com from=rishabhdwivedi17@gmail.com recipients=2401ankitrajpoot@gmail.com errormsg='cannot locate host smtp.gmail.com: No address associated with hostname' exitcode=EX_NOHOST
Sep 08 11:31:32 host=smtp.gmail.com tls=on auth=on user=rishabhdwivedi17@gmail.com from=rishabhdwivedi17@gmail.com recipients=2401ankitrajpoot@gmail.com mailsize=995 smtpstatus=250 smtpmsg='250 2.0.0 OK  1567922524 i9sm8785220pgg.38 - gsmtp' exitcode=EX_OK
Sep 12 19:26:37 host=smtp.gmail.com tls=on auth=on user=rishabhdwivedi17@gmail.com from=rishabhdwivedi17@gmail.com recipients=nitin7299@gmail.com mailsize=450 smtpstatus=250 smtpmsg='250 2.0.0 OK  1568296632 r30sm48077547pfl.42 - gsmtp' exitcode=EX_OK
Sep 24 14:03:25 host=smtp.gmail.com tls=on auth=on user=rishabhdwivedi17@gmail.com from=rishabhdwivedi17@gmail.com recipients=tusharyadav162000@gmail.com mailsize=11456 smtpstatus=250 smtpmsg='250 2.0.0 OK  1569314050 d22sm3102067pfq.168 - gsmtp' exitcode=EX_OK
